[23:49:45] [Server thread/INFO]: Starting minecraft server version 1.10.2
[23:49:45] [Server thread/INFO]: Loading properties
[23:49:45] [Server thread/INFO]: Default game type: SURVIVAL
[23:49:45] [Server thread/INFO]: This server is running CraftBukkit version git-Spigot-72c2605-251a5b6 (MC: 1.10.2) (Implementing API version 1.10.2-R0.1-SNAPSHOT)
[23:49:45] [Server thread/INFO]: Unable to find file banned-players.json, creating it.
[23:49:45] [Server thread/INFO]: Unable to find file banned-ips.json, creating it.
[23:49:45] [Server thread/INFO]: Unable to find file ops.json, creating it.
[23:49:45] [Server thread/INFO]: Unable to find file whitelist.json, creating it.
[23:49:45] [Server thread/INFO]: Debug logging is disabled
[23:49:45] [Server thread/INFO]: Server Ping Player Sample Count: 12
[23:49:45] [Server thread/INFO]: Using 4 threads for Netty based IO
[23:49:45] [Server thread/INFO]: Generating keypair
[23:49:46] [Server thread/INFO]: Starting Minecraft server on *:25566
[23:49:46] [Server thread/INFO]: Using default channel type
[23:49:46] [Server thread/INFO]: Set PluginClassLoader as parallel capable
[23:49:46] [Server thread/INFO]: [PermissionsEx] Loading PermissionsEx v1.23.4
[23:49:46] [Server thread/WARN]: [PermissionsEx] This server is in offline mode. Unless this server is configured to integrate with a supported proxy (see http://dft.ba/-8ous), UUIDs *may not be stable*!
[23:49:46] [Server thread/INFO]: [WorldEdit] Loading WorldEdit v6.1.8-SNAPSHOT;cd4729f
[23:49:46] [Server thread/INFO]: [ViaVersion] Loading ViaVersion v1.3.0
[23:49:46] [Server thread/INFO]: [ViaVersion] ViaVersion 1.3.0 is now loaded, injecting!
[23:49:46] [Server thread/INFO]: [ChestCommands] Loading ChestCommands v3.1.4
[23:49:46] [Server thread/INFO]: [CustomJoinItems] Loading CustomJoinItems v1.5.2
[23:49:46] [Server thread/INFO]: [Essentials] Loading Essentials vTeamCity
[23:49:46] [Server thread/INFO]: [EssentialsChat] Loading EssentialsChat vTeamCity
[23:49:46] [Server thread/INFO]: [WorldGuard] Loading WorldGuard v6.2.1;84bc322
[23:49:46] [Server thread/INFO]: [AuthMe] Loading AuthMe v3.4
[23:49:46] [Server thread/WARN]: **** SERVER IS RUNNING IN OFFLINE/INSECURE MODE!
[23:49:46] [Server thread/WARN]: The server will make no attempt to authenticate usernames. Beware.
[23:49:46] [Server thread/WARN]: While this makes the game possible to play without internet access, it also opens up the ability for hackers to connect with any username they choose.
[23:49:46] [Server thread/WARN]: To change this, set "online-mode" to "true" in the server.properties file.
[23:49:46] [Server thread/INFO]: **** Beginning UUID conversion, this may take A LONG time ****
[23:49:46] [Server thread/INFO]: Preparing level "world"
[23:49:46] [Server thread/INFO]: -------- World Settings For [world] --------
[23:49:46] [Server thread/INFO]: Allow Zombie Pigmen to spawn from portal blocks: true
[23:49:46] [Server thread/INFO]: Zombie Aggressive Towards Villager: true
[23:49:46] [Server thread/INFO]: Item Merge Radius: 2.5
[23:49:46] [Server thread/INFO]: Item Despawn Rate: 6000
[23:49:46] [Server thread/INFO]: Arrow Despawn Rate: 1200
[23:49:46] [Server thread/INFO]: View Distance: 10
[23:49:46] [Server thread/INFO]: Experience Merge Radius: 3.0
[23:49:46] [Server thread/INFO]: Nerfing mobs spawned from spawners: false
[23:49:46] [Server thread/INFO]: Hopper Transfer: 8 Hopper Check: 8 Hopper Amount: 1
[23:49:46] [Server thread/INFO]: Custom Map Seeds:  Village: 10387312 Feature: 14357617
[23:49:46] [Server thread/INFO]: Max Entity Collisions: 8
[23:49:46] [Server thread/INFO]: Structure Info Saving: true
[23:49:46] [Server thread/INFO]: Cactus Growth Modifier: 100%
[23:49:46] [Server thread/INFO]: Cane Growth Modifier: 100%
[23:49:46] [Server thread/INFO]: Melon Growth Modifier: 100%
[23:49:46] [Server thread/INFO]: Mushroom Growth Modifier: 100%
[23:49:46] [Server thread/INFO]: Pumpkin Growth Modifier: 100%
[23:49:46] [Server thread/INFO]: Sapling Growth Modifier: 100%
[23:49:46] [Server thread/INFO]: Wheat Growth Modifier: 100%
[23:49:46] [Server thread/INFO]: NetherWart Growth Modifier: 100%
[23:49:46] [Server thread/INFO]: Vine Growth Modifier: 100%
[23:49:46] [Server thread/INFO]: Cocoa Growth Modifier: 100%
[23:49:46] [Server thread/INFO]: Random Lighting Updates: false
[23:49:46] [Server thread/INFO]: Entity Activation Range: An 32 / Mo 32 / Mi 16
[23:49:46] [Server thread/INFO]: Entity Tracking Range: Pl 48 / An 48 / Mo 48 / Mi 32 / Other 64
[23:49:46] [Server thread/INFO]: Mob Spawn Range: 4
[23:49:46] [Server thread/INFO]: Tile Max Tick Time: 50ms Entity max Tick Time: 50ms
[23:49:46] [Server thread/INFO]: Max TNT Explosions: 100
[23:49:46] [Server thread/WARN]: Unable to find spawn biome
[23:49:47] [Server thread/INFO]: -------- World Settings For [world_nether] --------
[23:49:47] [Server thread/INFO]: Allow Zombie Pigmen to spawn from portal blocks: true
[23:49:47] [Server thread/INFO]: Zombie Aggressive Towards Villager: true
[23:49:47] [Server thread/INFO]: Item Merge Radius: 2.5
[23:49:47] [Server thread/INFO]: Item Despawn Rate: 6000
[23:49:47] [Server thread/INFO]: Arrow Despawn Rate: 1200
[23:49:47] [Server thread/INFO]: View Distance: 10
[23:49:47] [Server thread/INFO]: Experience Merge Radius: 3.0
[23:49:47] [Server thread/INFO]: Nerfing mobs spawned from spawners: false
[23:49:47] [Server thread/INFO]: Hopper Transfer: 8 Hopper Check: 8 Hopper Amount: 1
[23:49:47] [Server thread/INFO]: Custom Map Seeds:  Village: 10387312 Feature: 14357617
[23:49:47] [Server thread/INFO]: Max Entity Collisions: 8
[23:49:47] [Server thread/INFO]: Structure Info Saving: true
[23:49:47] [Server thread/INFO]: Cactus Growth Modifier: 100%
[23:49:47] [Server thread/INFO]: Cane Growth Modifier: 100%
[23:49:47] [Server thread/INFO]: Melon Growth Modifier: 100%
[23:49:47] [Server thread/INFO]: Mushroom Growth Modifier: 100%
[23:49:47] [Server thread/INFO]: Pumpkin Growth Modifier: 100%
[23:49:47] [Server thread/INFO]: Sapling Growth Modifier: 100%
[23:49:47] [Server thread/INFO]: Wheat Growth Modifier: 100%
[23:49:47] [Server thread/INFO]: NetherWart Growth Modifier: 100%
[23:49:47] [Server thread/INFO]: Vine Growth Modifier: 100%
[23:49:47] [Server thread/INFO]: Cocoa Growth Modifier: 100%
[23:49:47] [Server thread/INFO]: Random Lighting Updates: false
[23:49:47] [Server thread/INFO]: Entity Activation Range: An 32 / Mo 32 / Mi 16
[23:49:47] [Server thread/INFO]: Entity Tracking Range: Pl 48 / An 48 / Mo 48 / Mi 32 / Other 64
[23:49:47] [Server thread/INFO]: Mob Spawn Range: 4
[23:49:47] [Server thread/INFO]: Tile Max Tick Time: 50ms Entity max Tick Time: 50ms
[23:49:47] [Server thread/INFO]: Max TNT Explosions: 100
[23:49:47] [Server thread/INFO]: -------- World Settings For [world_the_end] --------
[23:49:47] [Server thread/INFO]: Allow Zombie Pigmen to spawn from portal blocks: true
[23:49:47] [Server thread/INFO]: Zombie Aggressive Towards Villager: true
[23:49:47] [Server thread/INFO]: Item Merge Radius: 2.5
[23:49:47] [Server thread/INFO]: Item Despawn Rate: 6000
[23:49:47] [Server thread/INFO]: Arrow Despawn Rate: 1200
[23:49:47] [Server thread/INFO]: View Distance: 10
[23:49:47] [Server thread/INFO]: Experience Merge Radius: 3.0
[23:49:47] [Server thread/INFO]: Nerfing mobs spawned from spawners: false
[23:49:47] [Server thread/INFO]: Hopper Transfer: 8 Hopper Check: 8 Hopper Amount: 1
[23:49:47] [Server thread/INFO]: Custom Map Seeds:  Village: 10387312 Feature: 14357617
[23:49:47] [Server thread/INFO]: Max Entity Collisions: 8
[23:49:47] [Server thread/INFO]: Structure Info Saving: true
[23:49:47] [Server thread/INFO]: Cactus Growth Modifier: 100%
[23:49:47] [Server thread/INFO]: Cane Growth Modifier: 100%
[23:49:47] [Server thread/INFO]: Melon Growth Modifier: 100%
[23:49:47] [Server thread/INFO]: Mushroom Growth Modifier: 100%
[23:49:47] [Server thread/INFO]: Pumpkin Growth Modifier: 100%
[23:49:47] [Server thread/INFO]: Sapling Growth Modifier: 100%
[23:49:47] [Server thread/INFO]: Wheat Growth Modifier: 100%
[23:49:47] [Server thread/INFO]: NetherWart Growth Modifier: 100%
[23:49:47] [Server thread/INFO]: Vine Growth Modifier: 100%
[23:49:47] [Server thread/INFO]: Cocoa Growth Modifier: 100%
[23:49:47] [Server thread/INFO]: Random Lighting Updates: false
[23:49:47] [Server thread/INFO]: Entity Activation Range: An 32 / Mo 32 / Mi 16
[23:49:47] [Server thread/INFO]: Entity Tracking Range: Pl 48 / An 48 / Mo 48 / Mi 32 / Other 64
[23:49:47] [Server thread/INFO]: Mob Spawn Range: 4
[23:49:47] [Server thread/INFO]: Tile Max Tick Time: 50ms Entity max Tick Time: 50ms
[23:49:47] [Server thread/INFO]: Max TNT Explosions: 100
[23:49:47] [Server thread/INFO]: Preparing start region for level 0 (Seed: -4487260771506706411)
[23:49:48] [Server thread/INFO]: Preparing spawn area: 7%
[23:49:49] [Server thread/INFO]: Preparing spawn area: 13%
[23:49:50] [Server thread/INFO]: Preparing spawn area: 18%
[23:49:51] [Server thread/INFO]: Preparing spawn area: 25%
[23:49:52] [Server thread/INFO]: Preparing spawn area: 33%
[23:49:53] [Server thread/INFO]: Preparing spawn area: 41%
[23:49:54] [Server thread/INFO]: Preparing spawn area: 48%
[23:49:55] [Server thread/INFO]: Preparing spawn area: 55%
[23:49:56] [Server thread/INFO]: Preparing spawn area: 62%
[23:49:57] [Server thread/INFO]: Preparing spawn area: 68%
[23:49:58] [Server thread/INFO]: Preparing spawn area: 77%
[23:49:59] [Server thread/INFO]: Preparing spawn area: 84%
[23:50:00] [Server thread/INFO]: Preparing spawn area: 91%
[23:50:01] [Server thread/INFO]: Preparing spawn area: 97%
[23:50:02] [Server thread/INFO]: Preparing start region for level 1 (Seed: -4487260771506706411)
[23:50:03] [Server thread/INFO]: Preparing spawn area: 8%
[23:50:04] [Server thread/INFO]: Preparing spawn area: 15%
[23:50:05] [Server thread/INFO]: Preparing spawn area: 21%
[23:50:06] [Server thread/INFO]: Preparing spawn area: 27%
[23:50:07] [Server thread/INFO]: Preparing spawn area: 33%
[23:50:08] [Server thread/INFO]: Preparing spawn area: 41%
[23:50:09] [Server thread/INFO]: Preparing spawn area: 47%
[23:50:10] [Server thread/INFO]: Preparing spawn area: 54%
[23:50:11] [Server thread/INFO]: Preparing spawn area: 62%
[23:50:12] [Server thread/INFO]: Preparing spawn area: 68%
[23:50:13] [Server thread/INFO]: Preparing spawn area: 76%
[23:50:14] [Server thread/INFO]: Preparing spawn area: 80%
[23:50:15] [Server thread/INFO]: Preparing spawn area: 87%
[23:50:16] [Server thread/INFO]: Preparing spawn area: 91%
[23:50:18] [Server thread/INFO]: Preparing spawn area: 94%
[23:50:19] [Server thread/INFO]: Preparing start region for level 2 (Seed: -4487260771506706411)
[23:50:20] [Server thread/INFO]: Preparing spawn area: 24%
[23:50:21] [Server thread/INFO]: Preparing spawn area: 45%
[23:50:22] [Server thread/INFO]: Preparing spawn area: 63%
[23:50:23] [Server thread/INFO]: Preparing spawn area: 80%
[23:50:24] [Server thread/INFO]: [PermissionsEx] Enabling PermissionsEx v1.23.4
[23:50:24] [Server thread/INFO]: [PermissionsEx] Initializing file backend
[23:50:24] [Server thread/INFO]: [PermissionsEx] Permissions file successfully reloaded
[23:50:24] [Server thread/INFO]: [WorldEdit] Enabling WorldEdit v6.1.8-SNAPSHOT;cd4729f
[23:50:24] [Server thread/INFO]: WEPIF: Updated config file
[23:50:24] [Server thread/INFO]: WEPIF: PermissionsEx detected! Using PermissionsEx for permissions.
[23:50:24] [Server thread/INFO]: [WorldEdit] Using com.sk89q.worldedit.bukkit.adapter.impl.Spigot_v1_10_R1 as the Bukkit adapter
[23:50:24] [Server thread/INFO]: [ViaVersion] Enabling ViaVersion v1.3.0
[23:50:24] [Server thread/INFO]: [ChestCommands] Enabling ChestCommands v3.1.4
[23:50:24] [Server thread/WARN]: [ChestCommands] Vault with a compatible economy plugin was not found! Icons with a PRICE or commands that give money will not work.
[23:50:24] [Server thread/INFO]: [CustomJoinItems] Enabling CustomJoinItems v1.5.2
[23:50:24] [Server thread/INFO]: [Essentials] Enabling Essentials vTeamCity
[23:50:24] [Server thread/INFO]: Bukkit version format changed. Version not checked.
[23:50:24] [Server thread/INFO]: git-Spigot-72c2605-251a5b6 (MC: 1.10.2)
[23:50:24] [Server thread/INFO]: 1.10.2-R0.1-SNAPSHOT
[23:50:24] [Server thread/INFO]: [Essentials] Starting Essentials ban format conversion
[23:50:24] [Server thread/INFO]: Using locale en_US
[23:50:25] [Server thread/INFO]: Using locale en_US
[23:50:25] [Server thread/INFO]: Essentials: Using PermissionsEx based permissions.
[23:50:25] [Server thread/INFO]: [EssentialsChat] Enabling EssentialsChat vTeamCity
[23:50:25] [Server thread/INFO]: [WorldGuard] Enabling WorldGuard v6.2.1;84bc322
[23:50:25] [Thread-7/WARN]: [PermissionsEx] The updater could not find any files for the project id 31279
[23:50:25] [Server thread/INFO]: [WorldGuard] (world) TNT ignition is PERMITTED.
[23:50:25] [Server thread/INFO]: [WorldGuard] (world) Lighters are PERMITTED.
[23:50:25] [Server thread/INFO]: [WorldGuard] (world) Lava fire is blocked.
[23:50:25] [Server thread/INFO]: [WorldGuard] (world) Fire spread is UNRESTRICTED.
[23:50:25] [Server thread/INFO]: [WorldGuard] Loaded configuration for world 'world'
[23:50:25] [Server thread/INFO]: [WorldGuard] (world_nether) TNT ignition is PERMITTED.
[23:50:25] [Server thread/INFO]: [WorldGuard] (world_nether) Lighters are PERMITTED.
[23:50:25] [Server thread/INFO]: [WorldGuard] (world_nether) Lava fire is blocked.
[23:50:25] [Server thread/INFO]: [WorldGuard] (world_nether) Fire spread is UNRESTRICTED.
[23:50:25] [Server thread/INFO]: [WorldGuard] Loaded configuration for world 'world_nether'
[23:50:25] [Server thread/INFO]: [WorldGuard] (world_the_end) TNT ignition is PERMITTED.
[23:50:25] [Server thread/INFO]: [WorldGuard] (world_the_end) Lighters are PERMITTED.
[23:50:25] [Server thread/INFO]: [WorldGuard] (world_the_end) Lava fire is blocked.
[23:50:25] [Server thread/INFO]: [WorldGuard] (world_the_end) Fire spread is UNRESTRICTED.
[23:50:25] [Server thread/INFO]: [WorldGuard] Loaded configuration for world 'world_the_end'
[23:50:25] [Server thread/INFO]: [WorldGuard] Loading region data...
[23:50:25] [Server thread/INFO]: [AuthMe] Enabling AuthMe v3.4
[23:50:25] [Server thread/INFO]: [AuthMe] Loading Configuration File...
[23:50:25] [Server thread/INFO]: [AuthMe] Set Language: en
[23:50:25] [Server thread/ERROR]: Could not find messages_en.yml, creating new one...
[23:50:25] [Server thread/ERROR]: Could not find players.yml, creating new one...
[23:50:25] [Server thread/ERROR]: Could not find otheraccounts.yml, creating new one...
[23:50:25] [Server thread/INFO]: [AuthMe] Hook with Essentials plugin
[23:50:25] [Server thread/ERROR]: Could not find spout.yml, creating new one...
[23:50:25] [Server thread/ERROR]: Error occurred while enabling AuthMe v3.4 (Is it up to date?)
java.lang.NoSuchMethodError: org.bukkit.Server.getOnlinePlayers()[Lorg/bukkit/entity/Player;
	at fr.xephi.authme.AuthMe.onReload(AuthMe.java:498) ~[?:?]
	at fr.xephi.authme.AuthMe.onEnable(AuthMe.java:309) ~[?:?]
	at org.bukkit.plugin.java.JavaPlugin.setEnabled(JavaPlugin.java:292) ~[spigot.jar:git-Spigot-72c2605-251a5b6]
	at org.bukkit.plugin.java.JavaPluginLoader.enablePlugin(JavaPluginLoader.java:337) [spigot.jar:git-Spigot-72c2605-251a5b6]
	at org.bukkit.plugin.SimplePluginManager.enablePlugin(SimplePluginManager.java:405) [spigot.jar:git-Spigot-72c2605-251a5b6]
	at org.bukkit.craftbukkit.v1_10_R1.CraftServer.enablePlugin(CraftServer.java:373) [spigot.jar:git-Spigot-72c2605-251a5b6]
	at org.bukkit.craftbukkit.v1_10_R1.CraftServer.enablePlugins(CraftServer.java:323) [spigot.jar:git-Spigot-72c2605-251a5b6]
	at net.minecraft.server.v1_10_R1.MinecraftServer.t(MinecraftServer.java:412) [spigot.jar:git-Spigot-72c2605-251a5b6]
	at net.minecraft.server.v1_10_R1.MinecraftServer.l(MinecraftServer.java:377) [spigot.jar:git-Spigot-72c2605-251a5b6]
	at net.minecraft.server.v1_10_R1.MinecraftServer.a(MinecraftServer.java:332) [spigot.jar:git-Spigot-72c2605-251a5b6]
	at net.minecraft.server.v1_10_R1.DedicatedServer.init(DedicatedServer.java:271) [spigot.jar:git-Spigot-72c2605-251a5b6]
	at net.minecraft.server.v1_10_R1.MinecraftServer.run(MinecraftServer.java:535) [spigot.jar:git-Spigot-72c2605-251a5b6]
	at java.lang.Thread.run(Unknown Source) [?:1.8.0_361]
[23:50:25] [Server thread/INFO]: Done (39.051s)! For help, type "help" or "?"
[23:50:25] [Server thread/INFO]: [ViaVersion] ViaVersion detected server version: 1.10(210)
[23:50:26] [Server thread/INFO]: [0;32;22m[[0;32;1mChestCommands[0;32;22m] [0;32;1mFound a new version: v4.0.3[0;37;1m (yours: v3.1.4)[m
[23:50:26] [Server thread/INFO]: [0;32;22m[[0;32;1mChestCommands[0;32;22m] [0;32;1m[0;37;1mDownload it on Bukkit Dev:[m
[23:50:26] [Server thread/INFO]: [0;32;22m[[0;32;1mChestCommands[0;32;22m] [0;32;1m[0;37;1mdev.bukkit.org/bukkit-plugins/chest-commands[m
[23:50:26] [Server thread/WARN]: [ViaVersion] There is a newer version available: 4.6.2, you're on: 1.3.0
[23:50:30] [User Authenticator #1/INFO]: UUID of player hanh is 42a2086a-3c77-3fc7-8450-b953a12969d9
[23:50:30] [Server thread/ERROR]: Could not find spawn.yml, creating new one...
[23:50:30] [Server thread/INFO]: hanh[/127.0.0.1:58765] logged in with entity id 971 at ([world]1.5, 38.0, -7.5)
[23:50:30] [Server thread/WARN]: [AuthMe] Task #24 for AuthMe v3.4 generated an exception
java.lang.NoSuchMethodError: org.bukkit.Server.getOnlinePlayers()[Lorg/bukkit/entity/Player;
	at fr.xephi.authme.task.MessageTask.run(MessageTask.java:30) ~[?:?]
	at org.bukkit.craftbukkit.v1_10_R1.scheduler.CraftTask.run(CraftTask.java:71) ~[spigot.jar:git-Spigot-72c2605-251a5b6]
	at org.bukkit.craftbukkit.v1_10_R1.scheduler.CraftScheduler.mainThreadHeartbeat(CraftScheduler.java:353) [spigot.jar:git-Spigot-72c2605-251a5b6]
	at net.minecraft.server.v1_10_R1.MinecraftServer.D(MinecraftServer.java:723) [spigot.jar:git-Spigot-72c2605-251a5b6]
	at net.minecraft.server.v1_10_R1.DedicatedServer.D(DedicatedServer.java:400) [spigot.jar:git-Spigot-72c2605-251a5b6]
	at net.minecraft.server.v1_10_R1.MinecraftServer.C(MinecraftServer.java:668) [spigot.jar:git-Spigot-72c2605-251a5b6]
	at net.minecraft.server.v1_10_R1.MinecraftServer.run(MinecraftServer.java:567) [spigot.jar:git-Spigot-72c2605-251a5b6]
	at java.lang.Thread.run(Unknown Source) [?:1.8.0_361]
[23:50:30] [Craft Scheduler Thread - 1/WARN]: File motd.txt does not exist. Creating one for you.
[23:50:30] [pool-10-thread-1/INFO]: Creating empty config: C:\Users\ltsb\Desktop\Lobby\Lobby\plugins\Essentials\userdata\42a2086a-3c77-3fc7-8450-b953a12969d9.yml
[23:50:37] [Server thread/INFO]: [AuthMe] hanh registered 127.0.0.1
[23:50:37] [Server thread/WARN]: [AuthMe] Task #27 for AuthMe v3.4 generated an exception
java.lang.NoSuchMethodError: org.bukkit.Server.getOnlinePlayers()[Lorg/bukkit/entity/Player;
	at fr.xephi.authme.AuthMe.replaceAllInfos(AuthMe.java:825) ~[?:?]
	at fr.xephi.authme.process.register.ProcessSyncronousPasswordRegister.run(ProcessSyncronousPasswordRegister.java:137) ~[?:?]
	at org.bukkit.craftbukkit.v1_10_R1.scheduler.CraftTask.run(CraftTask.java:71) ~[spigot.jar:git-Spigot-72c2605-251a5b6]
	at org.bukkit.craftbukkit.v1_10_R1.scheduler.CraftScheduler.mainThreadHeartbeat(CraftScheduler.java:353) [spigot.jar:git-Spigot-72c2605-251a5b6]
	at net.minecraft.server.v1_10_R1.MinecraftServer.D(MinecraftServer.java:723) [spigot.jar:git-Spigot-72c2605-251a5b6]
	at net.minecraft.server.v1_10_R1.DedicatedServer.D(DedicatedServer.java:400) [spigot.jar:git-Spigot-72c2605-251a5b6]
	at net.minecraft.server.v1_10_R1.MinecraftServer.C(MinecraftServer.java:668) [spigot.jar:git-Spigot-72c2605-251a5b6]
	at net.minecraft.server.v1_10_R1.MinecraftServer.run(MinecraftServer.java:567) [spigot.jar:git-Spigot-72c2605-251a5b6]
	at java.lang.Thread.run(Unknown Source) [?:1.8.0_361]
[23:50:40] [Server thread/INFO]: hanh issued server command: /
[23:50:44] [Server thread/INFO]: CONSOLE issued server command: /gmc hanh
[23:50:44] [Server thread/INFO]: [0;33;22mSet game mode[0;31;1m creative [0;33;22mfor [0;31;1m[0;31;22m[21m[[0;32;1m[21mMember[0;31;22m[21m][0;37;1m hanh[m[0;33;22m.[m
[23:50:46] [Server thread/INFO]: Opped hanh
[23:50:50] [Server thread/INFO]: hanh issued server command: /menu
[23:50:50] [Server thread/INFO]: hanh issued server command: /spawn
[23:50:50] [Server thread/INFO]: hanh issued server command: /heal
[23:50:51] [Server thread/INFO]: hanh issued server command: /heal hanh
[23:50:55] [Server thread/INFO]: hanh issued server command: /menu
[23:50:55] [Server thread/INFO]: hanh issued server command: /spawn
[23:50:55] [Server thread/INFO]: hanh issued server command: /heal
[23:51:09] [Server thread/INFO]: hanh lost connection: Disconnected
[23:51:09] [Server thread/INFO]: hanh left the game
[23:51:14] [User Authenticator #2/INFO]: UUID of player hanh is 42a2086a-3c77-3fc7-8450-b953a12969d9
[23:51:14] [Server thread/INFO]: hanh[/127.0.0.1:58818] logged in with entity id 1729 at ([world]2.2077586324353304, 65.0, 44.86578410915481)
[23:51:14] [Server thread/WARN]: [AuthMe] Task #36 for AuthMe v3.4 generated an exception
java.lang.NoSuchMethodError: org.bukkit.Server.getOnlinePlayers()[Lorg/bukkit/entity/Player;
	at fr.xephi.authme.task.MessageTask.run(MessageTask.java:30) ~[?:?]
	at org.bukkit.craftbukkit.v1_10_R1.scheduler.CraftTask.run(CraftTask.java:71) ~[spigot.jar:git-Spigot-72c2605-251a5b6]
	at org.bukkit.craftbukkit.v1_10_R1.scheduler.CraftScheduler.mainThreadHeartbeat(CraftScheduler.java:353) [spigot.jar:git-Spigot-72c2605-251a5b6]
	at net.minecraft.server.v1_10_R1.MinecraftServer.D(MinecraftServer.java:723) [spigot.jar:git-Spigot-72c2605-251a5b6]
	at net.minecraft.server.v1_10_R1.DedicatedServer.D(DedicatedServer.java:400) [spigot.jar:git-Spigot-72c2605-251a5b6]
	at net.minecraft.server.v1_10_R1.MinecraftServer.C(MinecraftServer.java:668) [spigot.jar:git-Spigot-72c2605-251a5b6]
	at net.minecraft.server.v1_10_R1.MinecraftServer.run(MinecraftServer.java:567) [spigot.jar:git-Spigot-72c2605-251a5b6]
	at java.lang.Thread.run(Unknown Source) [?:1.8.0_361]
[23:51:20] [Server thread/INFO]: [AuthMe] hanh logged in!
[23:51:20] [Server thread/WARN]: [AuthMe] Task #39 for AuthMe v3.4 generated an exception
java.lang.NoSuchMethodError: org.bukkit.Server.getOnlinePlayers()[Lorg/bukkit/entity/Player;
	at fr.xephi.authme.AuthMe.replaceAllInfos(AuthMe.java:825) ~[?:?]
	at fr.xephi.authme.process.login.ProcessSyncronousPlayerLogin.run(ProcessSyncronousPlayerLogin.java:187) ~[?:?]
	at org.bukkit.craftbukkit.v1_10_R1.scheduler.CraftTask.run(CraftTask.java:71) ~[spigot.jar:git-Spigot-72c2605-251a5b6]
	at org.bukkit.craftbukkit.v1_10_R1.scheduler.CraftScheduler.mainThreadHeartbeat(CraftScheduler.java:353) [spigot.jar:git-Spigot-72c2605-251a5b6]
	at net.minecraft.server.v1_10_R1.MinecraftServer.D(MinecraftServer.java:723) [spigot.jar:git-Spigot-72c2605-251a5b6]
	at net.minecraft.server.v1_10_R1.DedicatedServer.D(DedicatedServer.java:400) [spigot.jar:git-Spigot-72c2605-251a5b6]
	at net.minecraft.server.v1_10_R1.MinecraftServer.C(MinecraftServer.java:668) [spigot.jar:git-Spigot-72c2605-251a5b6]
	at net.minecraft.server.v1_10_R1.MinecraftServer.run(MinecraftServer.java:567) [spigot.jar:git-Spigot-72c2605-251a5b6]
	at java.lang.Thread.run(Unknown Source) [?:1.8.0_361]
[23:51:27] [Server thread/INFO]: hanh issued server command: /menu
[23:51:27] [Server thread/INFO]: hanh issued server command: /spawn
[23:51:27] [Server thread/INFO]: hanh issued server command: /heal
[23:51:32] [Server thread/INFO]: hanh issued server command: /menu
[23:51:32] [Server thread/INFO]: hanh issued server command: /spawn
[23:51:32] [Server thread/INFO]: hanh issued server command: /heal
[23:51:36] [Server thread/INFO]: hanh issued server command: /menu
[23:51:36] [Server thread/INFO]: hanh issued server command: /spawn
[23:51:36] [Server thread/INFO]: hanh issued server command: /heal
[23:51:37] [Server thread/INFO]: hanh lost connection: Disconnected
[23:51:37] [Server thread/INFO]: hanh left the game
